<?xml version="1.0" encoding="UTF-8"?>
<testsuite name="study.querydsl.QuerydslApplicationTests" tests="1" skipped="0" failures="0" errors="0" timestamp="2023-06-01T11:26:40" hostname="172.20.nate.com" time="0.337">
  <properties/>
  <testcase name="contextLoads()" classname="study.querydsl.QuerydslApplicationTests" time="0.337"/>
  <system-out><![CDATA[20:26:39.713 [Test worker] INFO org.springframework.test.context.support.AnnotationConfigContextLoaderUtils -- Could not detect default configuration classes for test class [study.querydsl.QuerydslApplicationTests]: QuerydslApplicationTests does not declare any static, non-private, non-final, nested classes annotated with @Configuration.
20:26:39.751 [Test worker] INFO org.springframework.boot.test.context.SpringBootTestContextBootstrapper -- Found @SpringBootConfiguration study.querydsl.QuerydslApplication for test class study.querydsl.QuerydslApplicationTests

  .   ____          _            __ _ _
 /\\ / ___'_ __ _ _(_)_ __  __ _ \ \ \ \
( ( )\___ | '_ | '_| | '_ \/ _` | \ \ \ \
 \\/  ___)| |_)| | | | | || (_| |  ) ) ) )
  '  |____| .__|_| |_|_| |_\__, | / / / /
 =========|_|==============|___/=/_/_/_/
 :: Spring Boot ::                (v3.1.0)

2023-06-01T20:26:39.894+09:00  INFO 46769 --- [    Test worker] s.querydsl.QuerydslApplicationTests      : Starting QuerydslApplicationTests using Java 19.0.1 with PID 46769 (started by kimdonha in /Users/kimdonha/Desktop/DevSpace/querydsl)
2023-06-01T20:26:39.894+09:00  INFO 46769 --- [    Test worker] s.querydsl.QuerydslApplicationTests      : No active profile set, falling back to 1 default profile: "default"
2023-06-01T20:26:40.124+09:00  INFO 46769 --- [    Test worker] .s.d.r.c.RepositoryConfigurationDelegate : Bootstrapping Spring Data JPA repositories in DEFAULT mode.
2023-06-01T20:26:40.132+09:00  INFO 46769 --- [    Test worker] .s.d.r.c.RepositoryConfigurationDelegate : Finished Spring Data repository scanning in 4 ms. Found 0 JPA repository interfaces.
2023-06-01T20:26:40.290+09:00  INFO 46769 --- [    Test worker] com.zaxxer.hikari.HikariDataSource       : HikariPool-1 - Starting...
2023-06-01T20:26:40.364+09:00  INFO 46769 --- [    Test worker] com.zaxxer.hikari.pool.HikariPool        : HikariPool-1 - Added connection conn0: url=jdbc:h2:mem:736aaf82-1c3c-4daa-a042-05bd0fe56471 user=SA
2023-06-01T20:26:40.365+09:00  INFO 46769 --- [    Test worker] com.zaxxer.hikari.HikariDataSource       : HikariPool-1 - Start completed.
2023-06-01T20:26:40.386+09:00  INFO 46769 --- [    Test worker] o.hibernate.jpa.internal.util.LogHelper  : HHH000204: Processing PersistenceUnitInfo [name: default]
2023-06-01T20:26:40.410+09:00  INFO 46769 --- [    Test worker] org.hibernate.Version                    : HHH000412: Hibernate ORM core version 6.2.2.Final
2023-06-01T20:26:40.411+09:00  INFO 46769 --- [    Test worker] org.hibernate.cfg.Environment            : HHH000406: Using bytecode reflection optimizer
2023-06-01T20:26:40.471+09:00  INFO 46769 --- [    Test worker] o.h.b.i.BytecodeProviderInitiator        : HHH000021: Bytecode provider name : bytebuddy
2023-06-01T20:26:40.522+09:00  INFO 46769 --- [    Test worker] o.s.o.j.p.SpringPersistenceUnitInfo      : No LoadTimeWeaver setup: ignoring JPA class transformer
2023-06-01T20:26:40.541+09:00  INFO 46769 --- [    Test worker] org.hibernate.orm.dialect                : HHH035001: Using dialect: org.hibernate.dialect.H2Dialect, version: 2.1.214
2023-06-01T20:26:40.574+09:00  INFO 46769 --- [    Test worker] o.h.b.i.BytecodeProviderInitiator        : HHH000021: Bytecode provider name : bytebuddy
2023-06-01T20:26:40.656+09:00  INFO 46769 --- [    Test worker] o.h.e.t.j.p.i.JtaPlatformInitiator       : HHH000490: Using JtaPlatform implementation: [org.hibernate.engine.transaction.jta.platform.internal.NoJtaPlatform]
2023-06-01T20:26:40.659+09:00  INFO 46769 --- [    Test worker] j.LocalContainerEntityManagerFactoryBean : Initialized JPA EntityManagerFactory for persistence unit 'default'
2023-06-01T20:26:40.723+09:00  WARN 46769 --- [    Test worker] JpaBaseConfiguration$JpaWebConfiguration : spring.jpa.open-in-view is enabled by default. Therefore, database queries may be performed during view rendering. Explicitly configure spring.jpa.open-in-view to disable this warning
2023-06-01T20:26:40.880+09:00  INFO 46769 --- [    Test worker] s.querydsl.QuerydslApplicationTests      : Started QuerydslApplicationTests in 1.073 seconds (process running for 1.515)
]]></system-out>
  <system-err><![CDATA[]]></system-err>
</testsuite>
